[pre][2025-08-20 12:48:25] === PREPROCESSING START ===
[pre][2025-08-20 12:48:25] START: 데이터 선택/로딩
[pre][2025-08-20 12:48:25] END  : 데이터 선택/로딩 (elapsed=0.337s)
[pre][2025-08-20 12:48:25] Train size: 8000, Test size: 2000
[pre][2025-08-20 12:48:25] START: 결측치 행 삭제
[pre][2025-08-20 12:48:25] Removed 0 rows from train, 0 rows from test
[pre][2025-08-20 12:48:25] END  : 결측치 행 삭제 (elapsed=0.019s)
[pre][2025-08-20 12:48:25] START: 잘못된 라벨 삭제 (허용=0~9)
[pre][2025-08-20 12:48:25] Removed 0 rows from train, 0 rows from test
[pre][2025-08-20 12:48:25] END  : 잘못된 라벨 삭제 (elapsed=0.018s)
[pre][2025-08-20 12:48:25] START: 입력/라벨 분리(X/y)
[pre][2025-08-20 12:48:25] X_train shape: (8000, 784), y_train shape: torch.Size([8000])
[pre][2025-08-20 12:48:25] X_test shape: (2000, 784), y_test shape: torch.Size([2000])
[pre][2025-08-20 12:48:25] END  : 입력/라벨 분리(X/y) (elapsed=0.001s)
[pre][2025-08-20 12:48:25] START: 이미지 크기 변경 -> 28x28
[pre][2025-08-20 12:48:26] Resized to: X_train torch.Size([8000, 1, 28, 28]), X_test torch.Size([2000, 1, 28, 28])
[pre][2025-08-20 12:48:26] END  : 이미지 크기 변경 (elapsed=0.600s)
[pre][2025-08-20 12:48:26] START: 이미지 증강 (방법=vflip, 파라미터=199999)
[pre][2025-08-20 12:48:26] Augmented to: X_train torch.Size([16000, 1, 28, 28]), X_test torch.Size([4000, 1, 28, 28])
[pre][2025-08-20 12:48:26] END  : 이미지 증강 (elapsed=0.177s)
[pre][2025-08-20 12:48:26] SKIP : 정규화
[pre][2025-08-20 12:48:26] START: 전처리 결과 저장(dataset.pt)
[pre][2025-08-20 12:48:26] Saved to: /home/bm_ai/project/workspace/592fc42192224dfbb60055ab5ec0d10c/data/dataset.pt
[pre][2025-08-20 12:48:26] END  : 전처리 결과 저장 (elapsed=0.113s)
[pre][2025-08-20 12:48:26] === PREPROCESSING DONE ===
